d:\programming\playground\graphics\opengl\pool-shark\3d pool\debug\vc120.pdb
d:\programming\playground\graphics\opengl\pool-shark\3d pool\debug\vc120.idb
d:\programming\playground\graphics\opengl\pool-shark\3d pool\debug\ambientlight.obj
d:\programming\playground\graphics\opengl\pool-shark\3d pool\debug\ball.obj
d:\programming\playground\graphics\opengl\pool-shark\3d pool\debug\bumper.obj
d:\programming\playground\graphics\opengl\pool-shark\3d pool\debug\cue.obj
d:\programming\playground\graphics\opengl\pool-shark\3d pool\debug\game.obj
d:\programming\playground\graphics\opengl\pool-shark\3d pool\debug\main.obj
d:\programming\playground\graphics\opengl\pool-shark\3d pool\debug\music.obj
d:\programming\playground\graphics\opengl\pool-shark\3d pool\debug\overheadlight.obj
d:\programming\playground\graphics\opengl\pool-shark\3d pool\debug\physics.obj
d:\programming\playground\graphics\opengl\pool-shark\3d pool\debug\pocket.obj
d:\programming\playground\graphics\opengl\pool-shark\3d pool\debug\room.obj
d:\programming\playground\graphics\opengl\pool-shark\3d pool\debug\simplemodelloader.obj
d:\programming\playground\graphics\opengl\pool-shark\debug\3d pool.ilk
d:\programming\playground\graphics\opengl\pool-shark\debug\3d pool.exe
d:\programming\playground\graphics\opengl\pool-shark\debug\3d pool.pdb
d:\programming\playground\graphics\opengl\pool-shark\3d pool\debug\3d pool.tlog\cl.command.1.tlog
d:\programming\playground\graphics\opengl\pool-shark\3d pool\debug\3d pool.tlog\cl.read.1.tlog
d:\programming\playground\graphics\opengl\pool-shark\3d pool\debug\3d pool.tlog\cl.write.1.tlog
d:\programming\playground\graphics\opengl\pool-shark\3d pool\debug\3d pool.tlog\link.command.1.tlog
d:\programming\playground\graphics\opengl\pool-shark\3d pool\debug\3d pool.tlog\link.read.1.tlog
d:\programming\playground\graphics\opengl\pool-shark\3d pool\debug\3d pool.tlog\link.write.1.tlog
