Build started 13/05/2015 21:44:53.
     1>Project "D:\Programming\Playground\Graphics\OpenGL\Pool-Shark\3D Pool\3D Pool.vcxproj" on node 2 (Build target(s)).
     1>Link:
         C:\Program Files (x86)\Microsoft Visual Studio 12.0\VC\bin\link.exe /ERRORREPORT:PROMPT /OUT:"D:\Programming\Playground\Graphics\OpenGL\Pool-Shark\Debug\3D Pool.exe" /INCREMENTAL /NOLOGO /LIBPATH:"D:\Programming\SDL-1.2.15\lib\x86" /LIBPATH:"D:\Programming\glew-1.11.0\lib\Release\Win32" SDL.lib SDLmain.lib opengl32.lib glu32.lib glew32.lib kernel32.lib user32.lib gdi32.lib winspool.lib comdlg32.lib advapi32.lib shell32.lib ole32.lib oleaut32.lib uuid.lib odbc32.lib odbccp32.lib /MANIFEST /MANIFESTUAC:"level='asInvoker' uiAccess='false'" /manifest:embed /DEBUG /PDB:"D:\Programming\Playground\Graphics\OpenGL\Pool-Shark\Debug\3D Pool.pdb" /SUBSYSTEM:CONSOLE /TLBID:1 /DYNAMICBASE /NXCOMPAT /IMPLIB:"D:\Programming\Playground\Graphics\OpenGL\Pool-Shark\Debug\3D Pool.lib" /MACHINE:X86 Debug\AmbientLight.obj
         Debug\Ball.obj
         Debug\Bumper.obj
         Debug\Camera.obj
         Debug\Cue.obj
         Debug\Entity.obj
         Debug\Game.obj
         Debug\Leg.obj
         Debug\Main.obj
         Debug\Music.obj
         Debug\OverheadLight.obj
         Debug\Physics.obj
         Debug\Pocket.obj
         Debug\Room.obj
         Debug\SimpleModelLoader.obj
         Debug\Table.obj
         Debug\Vector.obj
         3D Pool.vcxproj -> D:\Programming\Playground\Graphics\OpenGL\Pool-Shark\Debug\3D Pool.exe
     1>Done Building Project "D:\Programming\Playground\Graphics\OpenGL\Pool-Shark\3D Pool\3D Pool.vcxproj" (Build target(s)).

Build succeeded.

Time Elapsed 00:00:00.26
