Build started 27/01/2015 16:09:09.
     1>Project "D:\Programming\Playground\Graphics\OpenGL\Pool-Shark\3D Pool\3D Pool.vcxproj" on node 2 (Build target(s)).
     1>ClCompile:
         C:\Program Files (x86)\Microsoft Visual Studio 12.0\VC\bin\CL.exe /c /I"D:\Programming\SDL-1.2.15\include" /Zi /nologo /W3 /WX- /sdl /O2 /Oi /Oy- /GL /D WIN32 /D NDEBUG /D _CONSOLE /D _LIB /D _UNICODE /D UNICODE /Gm- /EHsc /MD /GS /Gy /fp:precise /Zc:wchar_t /Zc:forScope /Fo"Release\\" /Fd"Release\vc120.pdb" /Gd /TP /analyze- /errorReport:prompt Camera.cpp Entity.cpp Game.cpp Leg.cpp Main.cpp Room.cpp SimpleModelLoader.cpp Table.cpp Vector.cpp
         Camera.cpp
         Entity.cpp
         Game.cpp
     1>Game.cpp(88): warning C4018: '<' : signed/unsigned mismatch
         Leg.cpp
         Main.cpp
         Room.cpp
         SimpleModelLoader.cpp
         Table.cpp
         Vector.cpp
       Link:
         C:\Program Files (x86)\Microsoft Visual Studio 12.0\VC\bin\link.exe /ERRORREPORT:PROMPT /OUT:"D:\Programming\Playground\Graphics\OpenGL\Pool-Shark\Release\3D Pool.exe" /INCREMENTAL:NO /NOLOGO /LIBPATH:"D:\Programming\SDL-1.2.15\lib\x86" /LIBPATH:"D:\Programming\glew-1.11.0\lib\Release\Win32" SDL.lib SDLmain.lib opengl32.lib glu32.lib glew32.lib kernel32.lib user32.lib gdi32.lib winspool.lib comdlg32.lib advapi32.lib shell32.lib ole32.lib oleaut32.lib uuid.lib odbc32.lib odbccp32.lib /MANIFEST /MANIFESTUAC:"level='asInvoker' uiAccess='false'" /manifest:embed /DEBUG /PDB:"D:\Programming\Playground\Graphics\OpenGL\Pool-Shark\Release\3D Pool.pdb" /SUBSYSTEM:CONSOLE /OPT:REF /OPT:ICF /LTCG /TLBID:1 /DYNAMICBASE /NXCOMPAT /IMPLIB:"D:\Programming\Playground\Graphics\OpenGL\Pool-Shark\Release\3D Pool.lib" /MACHINE:X86 /SAFESEH Release\AmbientLight.obj
         Release\Ball.obj
         Release\Bumper.obj
         Release\Camera.obj
         Release\Cue.obj
         Release\Entity.obj
         Release\Game.obj
         Release\Leg.obj
         Release\Main.obj
         Release\Music.obj
         Release\OverheadLight.obj
         Release\Physics.obj
         Release\Pocket.obj
         Release\Room.obj
         Release\SimpleModelLoader.obj
         Release\Table.obj
         Release\Vector.obj
         Generating code
         Finished generating code
         3D Pool.vcxproj -> D:\Programming\Playground\Graphics\OpenGL\Pool-Shark\Release\3D Pool.exe
     1>Done Building Project "D:\Programming\Playground\Graphics\OpenGL\Pool-Shark\3D Pool\3D Pool.vcxproj" (Build target(s)).

Build succeeded.

Time Elapsed 00:00:04.98
